#
# There is insufficient memory for the Java Runtime Environment to continue.
# Native memory allocation (mmap) failed to map 100663296 bytes. Error detail: G1 virtual space
# Possible reasons:
#   The system is out of physical RAM or swap space
#   This process is running with CompressedOops enabled, and the Java Heap may be blocking the growth of the native heap
# Possible solutions:
#   Reduce memory load on the system
#   Increase physical memory or swap space
#   Check if swap backing store is full
#   Decrease Java heap size (-Xmx/-Xms)
#   Decrease number of Java threads
#   Decrease Java thread stack sizes (-Xss)
#   Set larger code cache with -XX:ReservedCodeCacheSize=
#   JVM is running with Unscaled Compressed Oops mode in which the Java heap is
#     placed in the first 4GB address space. The Java Heap base address is the
#     maximum limit for the native heap growth. Please use -XX:HeapBaseMinAddress
#     to set the Java Heap base and to place the Java Heap above 4GB virtual address.
# This output file may be truncated or incomplete.
#
#  Out of Memory Error (os_windows.cpp:3926), pid=7904, tid=17760
#
# JRE version:  (21.0.10) (build )
# Java VM: OpenJDK 64-Bit Server VM (21.0.10+-14961533-b1163.108, mixed mode, sharing, tiered, compressed oops, compressed class ptrs, g1 gc, windows-amd64)
# No core dump will be written. Minidumps are not enabled by default on client versions of Windows
#

---------------  S U M M A R Y ------------

Command Line: 

Host: AMD Ryzen 5 3500U with Radeon Vega Mobile Gfx  , 8 cores, 5G,  Windows 11 , 64 bit Build 26100 (10.0.26100.7705)
Time: Wed Jul  1 13:14:36 2026 Malay Peninsula Standard Time elapsed time: 2.821819 seconds (0d 0h 0m 2s)

---------------  T H R E A D  ---------------

Current thread (0x000001f134e33980):  JavaThread "Unknown thread" [_thread_in_vm, id=17760, stack(0x0000005354500000,0x0000005354600000) (1024K)]

Stack: [0x0000005354500000,0x0000005354600000]
Native frames: (J=compiled Java code, j=interpreted, Vv=VM code, C=native code)
V  [jvm.dll+0x6d78a9]
V  [jvm.dll+0x8665b3]
V  [jvm.dll+0x868bde]
V  [jvm.dll+0x8692c3]
V  [jvm.dll+0x280ee6]
V  [jvm.dll+0x6d4165]
V  [jvm.dll+0x6c77fa]
V  [jvm.dll+0x358f4b]
V  [jvm.dll+0x360bc6]
V  [jvm.dll+0x3b2ea6]
V  [jvm.dll+0x3b3178]
V  [jvm.dll+0x32b65c]
V  [jvm.dll+0x32c34b]
V  [jvm.dll+0x82f449]
V  [jvm.dll+0x3c0078]
V  [jvm.dll+0x8185e8]
V  [jvm.dll+0x45449e]
V  [jvm.dll+0x455c01]
C  [jli.dll+0x52ab]
C  [ucrtbase.dll+0x37b0]
C  [KERNEL32.DLL+0x2e8d7]
C  [ntdll.dll+0x8c40c]


---------------  P R O C E S S  ---------------

Threads class SMR info:
_java_thread_list=0x00007ff8cb02b9c8, length=0, elements={
}

Java Threads: ( => current thread )
Total: 0

Other Threads:
  0x000001f134e7b650 WorkerThread "GC Thread#0"                     [id=18184, stack(0x0000005354600000,0x0000005354700000) (1024K)]
  0x000001f134e88cd0 ConcurrentGCThread "G1 Main Marker"            [id=11912, stack(0x0000005354700000,0x0000005354800000) (1024K)]
  0x000001f134e897e0 WorkerThread "G1 Conc#0"                       [id=16968, stack(0x0000005354800000,0x0000005354900000) (1024K)]

[error occurred during error reporting (printing all threads), id 0xc0000005, EXCEPTION_ACCESS_VIOLATION (0xc0000005) at pc=0x00007ff8ca81e637]
VM state: not at safepoint (not fully initialized)

VM Mutex/Monitor currently owned by a thread:  ([mutex/lock_event])
[0x00007ff8cb0987d0] Heap_lock - owner thread: 0x000001f134e33980

Heap address: 0x00000000a0c00000, size: 1524 MB, Compressed Oops mode: 32-bit

CDS archive(s) mapped at: [0x0000000000000000-0x0000000000000000-0x0000000000000000), size 0, SharedBaseAddress: 0x0000000800000000, ArchiveRelocationMode: 1.
Narrow klass base: 0x0000000000000000, Narrow klass shift: 0, Narrow klass range: 0x0

GC Precious Log:
 CardTable entry size: 512
 Card Set container configuration: InlinePtr #cards 5 size 8 Array Of Cards #cards 12 size 40 Howl #buckets 4 coarsen threshold 1843 Howl Bitmap #cards 512 size 80 coarsen threshold 460 Card regions per heap region 1 cards per card region 2048

Heap:
 garbage-first heap   total 0K, used 0K [0x00000000a0c00000, 0x0000000100000000)
  region size 1024K, 0 young (0K), 0 survivors (0K)
 Metaspace       used 0K, committed 0K, reserved 0K
  class space    used 0K, committed 0K, reserved 0K

Heap Regions: E=young(eden), S=young(survivor), O=old, HS=humongous(starts), HC=humongous(continues), CS=collection set, F=free, TAMS=top-at-mark-start, PB=parsable bottom

Card table byte_map: [0x000001f1475d0000,0x000001f1478d0000] _byte_map_base: 0x000001f1470ca000

Marking Bits: (CMBitMap*) 0x000001f134e7bd60
 Bits: [0x000001f1478d0000, 0x000001f1490a0000)

GC Heap History (0 events):
No events

Dll operation events (1 events):
Event: 0.027 Loaded shared library C:\Program Files\Android\Android Studio\jbr\bin\java.dll

Deoptimization events (0 events):
No events

Classes loaded (0 events):
No events

Classes unloaded (0 events):
No events

Classes redefined (0 events):
No events

Internal exceptions (0 events):
No events

ZGC Phase Switch (0 events):
No events

VM Operations (0 events):
No events

Memory protections (0 events):
No events

Nmethod flushes (0 events):
No events

Events (0 events):
No events


Dynamic libraries:
0x00007ff6c41c0000 - 0x00007ff6c41ca000 	C:\Program Files\Android\Android Studio\jbr\bin\java.exe
0x00007ff94b9a0000 - 0x00007ff94bc08000 	C:\WINDOWS\SYSTEM32\ntdll.dll
0x00007ff94b5f0000 - 0x00007ff94b6b9000 	C:\WINDOWS\System32\KERNEL32.DLL
0x00007ff948280000 - 0x00007ff948671000 	C:\WINDOWS\System32\KERNELBASE.dll
0x00007ff9495f0000 - 0x00007ff94973b000 	C:\WINDOWS\System32\ucrtbase.dll
0x00007ff9401c0000 - 0x00007ff9401db000 	C:\Program Files\Android\Android Studio\jbr\bin\VCRUNTIME140.dll
0x00007ff937a20000 - 0x00007ff937a38000 	C:\Program Files\Android\Android Studio\jbr\bin\jli.dll
0x00007ff94adb0000 - 0x00007ff94af76000 	C:\WINDOWS\System32\USER32.dll
0x00007ff948710000 - 0x00007ff948737000 	C:\WINDOWS\System32\win32u.dll
0x00007ff94b6d0000 - 0x00007ff94b6fb000 	C:\WINDOWS\System32\GDI32.dll
0x00007ff938150000 - 0x00007ff9383e3000 	C:\WINDOWS\WinSxS\amd64_microsoft.windows.common-controls_6595b64144ccf1df_6.0.26100.7824_none_3e0870b2e3345462\COMCTL32.dll
0x00007ff9488b0000 - 0x00007ff9489db000 	C:\WINDOWS\System32\gdi32full.dll
0x00007ff94acb0000 - 0x00007ff94ad59000 	C:\WINDOWS\System32\msvcrt.dll
0x00007ff9489e0000 - 0x00007ff948a83000 	C:\WINDOWS\System32\msvcp_win.dll
0x00007ff94ad60000 - 0x00007ff94ad91000 	C:\WINDOWS\System32\IMM32.DLL
0x00007ff945760000 - 0x00007ff94576c000 	C:\Program Files\Android\Android Studio\jbr\bin\vcruntime140_1.dll
0x00007ff92f990000 - 0x00007ff92fa1d000 	C:\Program Files\Android\Android Studio\jbr\bin\msvcp140.dll
0x00007ff8ca4e0000 - 0x00007ff8cb176000 	C:\Program Files\Android\Android Studio\jbr\bin\server\jvm.dll
0x00007ff94b120000 - 0x00007ff94b1d4000 	C:\WINDOWS\System32\ADVAPI32.dll
0x00007ff94b3a0000 - 0x00007ff94b446000 	C:\WINDOWS\System32\sechost.dll
0x00007ff94b210000 - 0x00007ff94b328000 	C:\WINDOWS\System32\RPCRT4.dll
0x00007ff94b780000 - 0x00007ff94b7f4000 	C:\WINDOWS\System32\WS2_32.dll
0x00007ff9480e0000 - 0x00007ff94813e000 	C:\WINDOWS\SYSTEM32\POWRPROF.dll
0x00007ff941f20000 - 0x00007ff941f55000 	C:\WINDOWS\SYSTEM32\WINMM.dll
0x00007ff941f60000 - 0x00007ff941f6b000 	C:\WINDOWS\SYSTEM32\VERSION.dll
0x00007ff9480c0000 - 0x00007ff9480d4000 	C:\WINDOWS\SYSTEM32\UMPDC.dll
0x00007ff947020000 - 0x00007ff94703b000 	C:\WINDOWS\SYSTEM32\kernel.appcore.dll
0x00007ff943610000 - 0x00007ff94361a000 	C:\Program Files\Android\Android Studio\jbr\bin\jimage.dll
0x00007ff9462a0000 - 0x00007ff9464e2000 	C:\WINDOWS\SYSTEM32\DBGHELP.DLL
0x00007ff9498d0000 - 0x00007ff949c56000 	C:\WINDOWS\System32\combase.dll
0x00007ff94afb0000 - 0x00007ff94b087000 	C:\WINDOWS\System32\OLEAUT32.dll
0x00007ff928c40000 - 0x00007ff928c7b000 	C:\WINDOWS\SYSTEM32\dbgcore.DLL
0x00007ff948740000 - 0x00007ff9487e5000 	C:\WINDOWS\System32\bcryptPrimitives.dll
0x00007ff93fcb0000 - 0x00007ff93fcd0000 	C:\Program Files\Android\Android Studio\jbr\bin\java.dll

JVMTI agents: none

dbghelp: loaded successfully - version: 4.0.5 - missing functions: none
symbol engine: initialized successfully - sym options: 0x614 - pdb path: .;C:\Program Files\Android\Android Studio\jbr\bin;C:\WINDOWS\SYSTEM32;C:\WINDOWS\WinSxS\amd64_microsoft.windows.common-controls_6595b64144ccf1df_6.0.26100.7824_none_3e0870b2e3345462;C:\Program Files\Android\Android Studio\jbr\bin\server

VM Arguments:
java_command: <unknown>
java_class_path (initial): <not set>
Launcher Type: SUN_STANDARD

[Global flags]
     intx CICompilerCount                          = 4                                         {product} {ergonomic}
     uint ConcGCThreads                            = 2                                         {product} {ergonomic}
     uint G1ConcRefinementThreads                  = 8                                         {product} {ergonomic}
   size_t G1HeapRegionSize                         = 1048576                                   {product} {ergonomic}
    uintx GCDrainStackTargetSize                   = 64                                        {product} {ergonomic}
   size_t InitialHeapSize                          = 100663296                                 {product} {ergonomic}
   size_t MarkStackSize                            = 4194304                                   {product} {ergonomic}
   size_t MaxHeapSize                              = 1598029824                                {product} {ergonomic}
   size_t MinHeapDeltaBytes                        = 1048576                                   {product} {ergonomic}
   size_t MinHeapSize                              = 8388608                                   {product} {ergonomic}
    uintx NonNMethodCodeHeapSize                   = 5839372                                {pd product} {ergonomic}
    uintx NonProfiledCodeHeapSize                  = 122909434                              {pd product} {ergonomic}
    uintx ProfiledCodeHeapSize                     = 122909434                              {pd product} {ergonomic}
    uintx ReservedCodeCacheSize                    = 251658240                              {pd product} {ergonomic}
     bool SegmentedCodeCache                       = true                                      {product} {ergonomic}
   size_t SoftMaxHeapSize                          = 1598029824                             {manageable} {ergonomic}
     bool UseCompressedOops                        = true                           {product lp64_product} {ergonomic}
     bool UseG1GC                                  = true                                      {product} {ergonomic}
     bool UseLargePagesIndividualAllocation        = false                                  {pd product} {ergonomic}

Logging:
Log output configuration:
 #0: stdout all=warning uptime,level,tags foldmultilines=false
 #1: stderr all=off uptime,level,tags foldmultilines=false

Release file:
<release file has not been read>
Environment Variables:
JAVA_HOME=C:\Program Files\Android\Android Studio\jbr
PATH=C:\Program Files (x86)\Common Files\Intel\Shared Libraries\redist\intel64\compiler;C:\Program Files (x86)\Microsoft SDKs\Azure\CLI2\wbin;C:\WINDOWS\system32;C:\WINDOWS;C:\WINDOWS\System32\Wbem;C:\WINDOWS\System32\WindowsPowerShell\v1.0\;C:\WINDOWS\System32\OpenSSH\;C:\Program Files\Intel\WiFi\bin\;C:\Program Files\Common Files\Intel\WirelessCommon\;C:\Program Files\Microsoft VS Code\bin;C:\Program Files\dotnet\;C:\Users\Admin\AppData\Local\Microsoft\WindowsApps\;C:\Program Files\Amazon\AWSCLIV2\;C:\Program Files\Git\cmd;C:\Program Files\Android\Android Studio\jbr\bin;C:\Users\Admin\develop\flutter_windows_3.44.4-stable\flutter\bin;"c:\cygwin\bin;";C:\Program Files\Amazon\AWSCLIV2\aws.exe;C:\Users\Admin\AppData\Local\Microsoft\WindowsApps;C:\Users\Admin\.dotnet\tools;C:\Program Files (x86)\Nmap;
USERNAME=Admin
OS=Windows_NT
PROCESSOR_IDENTIFIER=AMD64 Family 23 Model 24 Stepping 1, AuthenticAMD
TMP=C:\Users\Admin\AppData\Local\Temp
TEMP=C:\Users\Admin\AppData\Local\Temp




Periodic native trim disabled

JNI global refs:
JNI global refs: 0, weak refs: 0

JNI global refs memory usage: 0, weak refs: 0

Process memory usage:
Resident Set Size: 12344K (0% of 6237792K total physical memory with 387116K free physical memory)

OOME stack traces (most recent first):
Classloader memory used:

---------------  S Y S T E M  ---------------

OS:
 Windows 11 , 64 bit Build 26100 (10.0.26100.7705)
OS uptime: 120 days 3:28 hours

CPU: total 8 (initial active 8) (8 cores per cpu, 2 threads per core) family 23 model 24 stepping 1 microcode 0x8108102, cx8, cmov, fxsr, ht, mmx, 3dnowpref, sse, sse2, sse3, ssse3, sse4a, sse4.1, sse4.2, popcnt, lzcnt, tsc, tscinvbit, avx, avx2, aes, clmul, bmi1, bmi2, adx, sha, fma, vzeroupper, clflush, clflushopt, rdtscp, f16c
Processor Information for the first 8 processors :
  Max Mhz: 2100, Current Mhz: 2100, Mhz Limit: 2100

Memory: 4k page, system-wide physical 6091M (377M free)
TotalPageFile size 12235M (AvailPageFile size 167M)
current process WorkingSet (physical memory assigned to process): 12M, peak: 12M
current process commit charge ("private bytes"): 60M, peak: 156M

vm_info: OpenJDK 64-Bit Server VM (21.0.10+-14961533-b1163.108) for windows-amd64 JRE (21.0.10+-14961533-b1163.108), built on 2026-03-02T19:58:50Z by "builder" with MS VC++ 16.10 / 16.11 (VS2019)

END.
